<?xml version="1.0" encoding="UTF-8"?>
<testsuite name="com.products.pragati.test_repository.ProductRepositoryTest" tests="3" skipped="0" failures="0" errors="0" timestamp="2025-09-29T09:05:05.735Z" hostname="ENCDAPPUNLT0131" time="0.641">
  <properties/>
  <testcase name="TEST FIND BY NAME (DERIVED QUERY)" classname="com.products.pragati.test_repository.ProductRepositoryTest" time="0.551"/>
  <testcase name="TEST FIND PRODUCTS BY ID" classname="com.products.pragati.test_repository.ProductRepositoryTest" time="0.041"/>
  <testcase name="TEST FILTER PRODUCTS BY PRICE (CUSTOM QUERY)" classname="com.products.pragati.test_repository.ProductRepositoryTest" time="0.045"/>
  <system-out><![CDATA[2025-09-29T14:35:04.849+05:30  INFO 14260 --- [ProductsPrj] [    Test worker] t.c.s.AnnotationConfigContextLoaderUtils : Could not detect default configuration classes for test class [com.products.pragati.test_repository.ProductRepositoryTest]: ProductRepositoryTest does not declare any static, non-private, non-final, nested classes annotated with @Configuration.
2025-09-29T14:35:04.894+05:30  INFO 14260 --- [ProductsPrj] [    Test worker] .b.t.c.SpringBootTestContextBootstrapper : Found @SpringBootConfiguration com.products.pragati.ProductsPrjApplication for test class com.products.pragati.test_repository.ProductRepositoryTest

  .   ____          _            __ _ _
 /\\ / ___'_ __ _ _(_)_ __  __ _ \ \ \ \
( ( )\___ | '_ | '_| | '_ \/ _` | \ \ \ \
 \\/  ___)| |_)| | | | | || (_| |  ) ) ) )
  '  |____| .__|_| |_|_| |_\__, | / / / /
 =========|_|==============|___/=/_/_/_/

 :: Spring Boot ::                (v3.5.6)

2025-09-29T14:35:04.957+05:30  INFO 14260 --- [ProductsPrj] [    Test worker] c.p.p.t.ProductRepositoryTest            : Starting ProductRepositoryTest using Java 21.0.7 with PID 14260 (started by Pragati.Talekar in C:\Users\Pragati.Talekar\Documents\workspace-spring-tools-for-eclipse-4.31.0.RELEASE\ProductsPrj)
2025-09-29T14:35:04.958+05:30  INFO 14260 --- [ProductsPrj] [    Test worker] c.p.p.t.ProductRepositoryTest            : No active profile set, falling back to 1 default profile: "default"
2025-09-29T14:35:05.238+05:30  INFO 14260 --- [ProductsPrj] [    Test worker] .s.d.r.c.RepositoryConfigurationDelegate : Bootstrapping Spring Data JPA repositories in DEFAULT mode.
2025-09-29T14:35:05.282+05:30  INFO 14260 --- [ProductsPrj] [    Test worker] .s.d.r.c.RepositoryConfigurationDelegate : Finished Spring Data repository scanning in 39 ms. Found 1 JPA repository interface.
2025-09-29T14:35:05.337+05:30  INFO 14260 --- [ProductsPrj] [    Test worker] beddedDataSourceBeanFactoryPostProcessor : Replacing 'dataSource' DataSource bean with embedded version
2025-09-29T14:35:05.417+05:30  INFO 14260 --- [ProductsPrj] [    Test worker] o.s.j.d.e.EmbeddedDatabaseFactory        : Starting embedded database: url='jdbc:h2:mem:164f7618-2423-409c-98a8-b039a34efd34;DB_CLOSE_DELAY=-1;DB_CLOSE_ON_EXIT=false', username='sa'
2025-09-29T14:35:05.472+05:30  INFO 14260 --- [ProductsPrj] [    Test worker] o.hibernate.jpa.internal.util.LogHelper  : HHH000204: Processing PersistenceUnitInfo [name: default]
2025-09-29T14:35:05.486+05:30  INFO 14260 --- [ProductsPrj] [    Test worker] o.h.c.internal.RegionFactoryInitiator    : HHH000026: Second-level cache disabled
2025-09-29T14:35:05.510+05:30  INFO 14260 --- [ProductsPrj] [    Test worker] o.s.o.j.p.SpringPersistenceUnitInfo      : No LoadTimeWeaver setup: ignoring JPA class transformer
2025-09-29T14:35:05.516+05:30  INFO 14260 --- [ProductsPrj] [    Test worker] org.hibernate.orm.connections.pooling    : HHH10001005: Database info:
	Database JDBC URL [Connecting through datasource 'org.springframework.jdbc.datasource.embedded.EmbeddedDatabaseFactory$EmbeddedDataSourceProxy@227a79e5']
	Database driver: undefined/unknown
	Database version: 2.3.232
	Autocommit mode: undefined/unknown
	Isolation level: undefined/unknown
	Minimum pool size: undefined/unknown
	Maximum pool size: undefined/unknown
2025-09-29T14:35:05.591+05:30  INFO 14260 --- [ProductsPrj] [    Test worker] o.h.e.t.j.p.i.JtaPlatformInitiator       : HHH000489: No JTA platform available (set 'hibernate.transaction.jta.platform' to enable JTA platform integration)
Hibernate: drop table if exists products cascade 
Hibernate: create table products (price float(53), id bigint generated by default as identity, name varchar(255) not null, primary key (id))
2025-09-29T14:35:05.596+05:30  INFO 14260 --- [ProductsPrj] [    Test worker] j.LocalContainerEntityManagerFactoryBean : Initialized JPA EntityManagerFactory for persistence unit 'default'
2025-09-29T14:35:05.730+05:30  INFO 14260 --- [ProductsPrj] [    Test worker] c.p.p.t.ProductRepositoryTest            : Started ProductRepositoryTest in 0.831 seconds (process running for 14.569)
Hibernate: select p1_0.id,p1_0.name,p1_0.price from products p1_0
Hibernate: insert into products (name,price,id) values (?,?,default)
Hibernate: insert into products (name,price,id) values (?,?,default)
Hibernate: insert into products (name,price,id) values (?,?,default)
Hibernate: insert into products (name,price,id) values (?,?,default)
Hibernate: insert into products (name,price,id) values (?,?,default)
Hibernate: select p1_0.id,p1_0.name,p1_0.price from products p1_0 where p1_0.name=?
Hibernate: select p1_0.id,p1_0.name,p1_0.price from products p1_0
Hibernate: insert into products (name,price,id) values (?,?,default)
Hibernate: insert into products (name,price,id) values (?,?,default)
Hibernate: insert into products (name,price,id) values (?,?,default)
Hibernate: insert into products (name,price,id) values (?,?,default)
Hibernate: insert into products (name,price,id) values (?,?,default)
Hibernate: insert into products (name,price,id) values (?,?,default)
Hibernate: select p1_0.id,p1_0.name,p1_0.price from products p1_0
Hibernate: insert into products (name,price,id) values (?,?,default)
Hibernate: insert into products (name,price,id) values (?,?,default)
Hibernate: insert into products (name,price,id) values (?,?,default)
Hibernate: insert into products (name,price,id) values (?,?,default)
Hibernate: insert into products (name,price,id) values (?,?,default)
Hibernate: select p1_0.id,p1_0.name,p1_0.price from products p1_0 where p1_0.price<?
]]></system-out>
  <system-err><![CDATA[]]></system-err>
</testsuite>
