<?xml version="1.0" encoding="UTF-8"?>
<testsuite name="com.products.pragati.ProductsPrjApplicationTests" tests="1" skipped="0" failures="0" errors="0" timestamp="2025-09-29T09:05:01.639Z" hostname="ENCDAPPUNLT0131" time="0.533">
  <properties/>
  <testcase name="contextLoads()" classname="com.products.pragati.ProductsPrjApplicationTests" time="0.533"/>
  <system-out><![CDATA[14:34:53.361 [Test worker] INFO org.springframework.test.context.support.AnnotationConfigContextLoaderUtils -- Could not detect default configuration classes for test class [com.products.pragati.ProductsPrjApplicationTests]: ProductsPrjApplicationTests does not declare any static, non-private, non-final, nested classes annotated with @Configuration.
14:34:53.534 [Test worker] INFO org.springframework.boot.test.context.SpringBootTestContextBootstrapper -- Found @SpringBootConfiguration com.products.pragati.ProductsPrjApplication for test class com.products.pragati.ProductsPrjApplicationTests

  .   ____          _            __ _ _
 /\\ / ___'_ __ _ _(_)_ __  __ _ \ \ \ \
( ( )\___ | '_ | '_| | '_ \/ _` | \ \ \ \
 \\/  ___)| |_)| | | | | || (_| |  ) ) ) )
  '  |____| .__|_| |_|_| |_\__, | / / / /
 =========|_|==============|___/=/_/_/_/

 :: Spring Boot ::                (v3.5.6)

2025-09-29T14:34:54.089+05:30  INFO 14260 --- [ProductsPrj] [    Test worker] c.p.pragati.ProductsPrjApplicationTests  : Starting ProductsPrjApplicationTests using Java 21.0.7 with PID 14260 (started by Pragati.Talekar in C:\Users\Pragati.Talekar\Documents\workspace-spring-tools-for-eclipse-4.31.0.RELEASE\ProductsPrj)
2025-09-29T14:34:54.091+05:30  INFO 14260 --- [ProductsPrj] [    Test worker] c.p.pragati.ProductsPrjApplicationTests  : No active profile set, falling back to 1 default profile: "default"
2025-09-29T14:34:55.320+05:30  INFO 14260 --- [ProductsPrj] [    Test worker] .s.d.r.c.RepositoryConfigurationDelegate : Bootstrapping Spring Data JPA repositories in DEFAULT mode.
2025-09-29T14:34:55.453+05:30  INFO 14260 --- [ProductsPrj] [    Test worker] .s.d.r.c.RepositoryConfigurationDelegate : Finished Spring Data repository scanning in 100 ms. Found 1 JPA repository interface.
2025-09-29T14:34:56.663+05:30  INFO 14260 --- [ProductsPrj] [    Test worker] o.hibernate.jpa.internal.util.LogHelper  : HHH000204: Processing PersistenceUnitInfo [name: default]
2025-09-29T14:34:56.812+05:30  INFO 14260 --- [ProductsPrj] [    Test worker] org.hibernate.Version                    : HHH000412: Hibernate ORM core version 6.6.29.Final
2025-09-29T14:34:56.895+05:30  INFO 14260 --- [ProductsPrj] [    Test worker] o.h.c.internal.RegionFactoryInitiator    : HHH000026: Second-level cache disabled
2025-09-29T14:34:57.417+05:30  INFO 14260 --- [ProductsPrj] [    Test worker] o.s.o.j.p.SpringPersistenceUnitInfo      : No LoadTimeWeaver setup: ignoring JPA class transformer
2025-09-29T14:34:57.454+05:30  INFO 14260 --- [ProductsPrj] [    Test worker] com.zaxxer.hikari.HikariDataSource       : HikariPool-1 - Starting...
2025-09-29T14:34:57.682+05:30  INFO 14260 --- [ProductsPrj] [    Test worker] com.zaxxer.hikari.pool.HikariPool        : HikariPool-1 - Added connection conn0: url=jdbc:h2:mem:pragatidb user=SA
2025-09-29T14:34:57.686+05:30  INFO 14260 --- [ProductsPrj] [    Test worker] com.zaxxer.hikari.HikariDataSource       : HikariPool-1 - Start completed.
2025-09-29T14:34:57.761+05:30  INFO 14260 --- [ProductsPrj] [    Test worker] org.hibernate.orm.connections.pooling    : HHH10001005: Database info:
	Database JDBC URL [Connecting through datasource 'HikariDataSource (HikariPool-1)']
	Database driver: undefined/unknown
	Database version: 2.3.232
	Autocommit mode: undefined/unknown
	Isolation level: undefined/unknown
	Minimum pool size: undefined/unknown
	Maximum pool size: undefined/unknown
2025-09-29T14:34:58.833+05:30  INFO 14260 --- [ProductsPrj] [    Test worker] o.h.e.t.j.p.i.JtaPlatformInitiator       : HHH000489: No JTA platform available (set 'hibernate.transaction.jta.platform' to enable JTA platform integration)
Hibernate: drop table if exists products cascade 
Hibernate: create table products (price float(53), id bigint generated by default as identity, name varchar(255) not null, primary key (id))
2025-09-29T14:34:58.879+05:30  INFO 14260 --- [ProductsPrj] [    Test worker] j.LocalContainerEntityManagerFactoryBean : Initialized JPA EntityManagerFactory for persistence unit 'default'
2025-09-29T14:34:59.421+05:30  INFO 14260 --- [ProductsPrj] [    Test worker] o.s.d.j.r.query.QueryEnhancerFactory     : Hibernate is in classpath; If applicable, HQL parser will be used.
2025-09-29T14:35:00.280+05:30  WARN 14260 --- [ProductsPrj] [    Test worker] JpaBaseConfiguration$JpaWebConfiguration : spring.jpa.open-in-view is enabled by default. Therefore, database queries may be performed during view rendering. Explicitly configure spring.jpa.open-in-view to disable this warning
2025-09-29T14:35:00.741+05:30  INFO 14260 --- [ProductsPrj] [    Test worker] r$InitializeUserDetailsManagerConfigurer : Global AuthenticationManager configured with UserDetailsService bean with name setUserRoles
2025-09-29T14:35:01.377+05:30  INFO 14260 --- [ProductsPrj] [    Test worker] o.s.b.a.h2.H2ConsoleAutoConfiguration    : H2 console available at '/h2-console'. Database available at 'jdbc:h2:mem:pragatidb'
2025-09-29T14:35:01.546+05:30  INFO 14260 --- [ProductsPrj] [    Test worker] .w.s.a.s.AnnotationActionEndpointMapping : Supporting [WS-Addressing August 2004, WS-Addressing 1.0]
2025-09-29T14:35:01.618+05:30  INFO 14260 --- [ProductsPrj] [    Test worker] c.p.pragati.ProductsPrjApplicationTests  : Started ProductsPrjApplicationTests in 7.853 seconds (process running for 10.456)
]]></system-out>
  <system-err><![CDATA[Mockito is currently self-attaching to enable the inline-mock-maker. This will no longer work in future releases of the JDK. Please add Mockito as an agent to your build as described in Mockito's documentation: https://javadoc.io/doc/org.mockito/mockito-core/latest/org.mockito/org/mockito/Mockito.html#0.3
WARNING: A Java agent has been loaded dynamically (C:\Users\Pragati.Talekar\.gradle\caches\modules-2\files-2.1\net.bytebuddy\byte-buddy-agent\1.17.7\fbf3d6d649ed37fc9e9c59480a05be0a26e3c2da\byte-buddy-agent-1.17.7.jar)
WARNING: If a serviceability tool is in use, please run with -XX:+EnableDynamicAgentLoading to hide this warning
WARNING: If a serviceability tool is not in use, please run with -Djdk.instrument.traceUsage for more information
WARNING: Dynamic loading of agents will be disallowed by default in a future release
]]></system-err>
</testsuite>
