<?xml version="1.0" encoding="UTF-8"?>
<testsuite name="com.products.pragati.test_controller.ProductControllerIntegrationTest" tests="1" skipped="0" failures="0" errors="0" timestamp="2025-09-29T09:05:03.088Z" hostname="ENCDAPPUNLT0131" time="0.54">
  <properties/>
  <testcase name="POST and GET product (integration test)" classname="com.products.pragati.test_controller.ProductControllerIntegrationTest" time="0.54"/>
  <system-out><![CDATA[2025-09-29T14:35:02.182+05:30  INFO 14260 --- [ProductsPrj] [    Test worker] t.c.s.AnnotationConfigContextLoaderUtils : Could not detect default configuration classes for test class [com.products.pragati.test_controller.ProductControllerIntegrationTest]: ProductControllerIntegrationTest does not declare any static, non-private, non-final, nested classes annotated with @Configuration.
2025-09-29T14:35:02.204+05:30  INFO 14260 --- [ProductsPrj] [    Test worker] .b.t.c.SpringBootTestContextBootstrapper : Found @SpringBootConfiguration com.products.pragati.ProductsPrjApplication for test class com.products.pragati.test_controller.ProductControllerIntegrationTest

  .   ____          _            __ _ _
 /\\ / ___'_ __ _ _(_)_ __  __ _ \ \ \ \
( ( )\___ | '_ | '_| | '_ \/ _` | \ \ \ \
 \\/  ___)| |_)| | | | | || (_| |  ) ) ) )
  '  |____| .__|_| |_|_| |_\__, | / / / /
 =========|_|==============|___/=/_/_/_/

 :: Spring Boot ::                (v3.5.6)

2025-09-29T14:35:02.231+05:30  INFO 14260 --- [ProductsPrj] [    Test worker] c.p.p.t.ProductControllerIntegrationTest : Starting ProductControllerIntegrationTest using Java 21.0.7 with PID 14260 (started by Pragati.Talekar in C:\Users\Pragati.Talekar\Documents\workspace-spring-tools-for-eclipse-4.31.0.RELEASE\ProductsPrj)
2025-09-29T14:35:02.231+05:30  INFO 14260 --- [ProductsPrj] [    Test worker] c.p.p.t.ProductControllerIntegrationTest : No active profile set, falling back to 1 default profile: "default"
2025-09-29T14:35:02.503+05:30  INFO 14260 --- [ProductsPrj] [    Test worker] .s.d.r.c.RepositoryConfigurationDelegate : Bootstrapping Spring Data JPA repositories in DEFAULT mode.
2025-09-29T14:35:02.531+05:30  INFO 14260 --- [ProductsPrj] [    Test worker] .s.d.r.c.RepositoryConfigurationDelegate : Finished Spring Data repository scanning in 24 ms. Found 1 JPA repository interface.
2025-09-29T14:35:02.642+05:30  INFO 14260 --- [ProductsPrj] [    Test worker] o.hibernate.jpa.internal.util.LogHelper  : HHH000204: Processing PersistenceUnitInfo [name: default]
2025-09-29T14:35:02.646+05:30  INFO 14260 --- [ProductsPrj] [    Test worker] o.h.c.internal.RegionFactoryInitiator    : HHH000026: Second-level cache disabled
2025-09-29T14:35:02.654+05:30  INFO 14260 --- [ProductsPrj] [    Test worker] o.s.o.j.p.SpringPersistenceUnitInfo      : No LoadTimeWeaver setup: ignoring JPA class transformer
2025-09-29T14:35:02.656+05:30  INFO 14260 --- [ProductsPrj] [    Test worker] com.zaxxer.hikari.HikariDataSource       : HikariPool-2 - Starting...
2025-09-29T14:35:02.657+05:30  INFO 14260 --- [ProductsPrj] [    Test worker] com.zaxxer.hikari.pool.HikariPool        : HikariPool-2 - Added connection conn10: url=jdbc:h2:mem:pragatidb user=SA
2025-09-29T14:35:02.658+05:30  INFO 14260 --- [ProductsPrj] [    Test worker] com.zaxxer.hikari.HikariDataSource       : HikariPool-2 - Start completed.
2025-09-29T14:35:02.661+05:30  INFO 14260 --- [ProductsPrj] [    Test worker] org.hibernate.orm.connections.pooling    : HHH10001005: Database info:
	Database JDBC URL [Connecting through datasource 'HikariDataSource (HikariPool-2)']
	Database driver: undefined/unknown
	Database version: 2.3.232
	Autocommit mode: undefined/unknown
	Isolation level: undefined/unknown
	Minimum pool size: undefined/unknown
	Maximum pool size: undefined/unknown
2025-09-29T14:35:02.703+05:30  INFO 14260 --- [ProductsPrj] [    Test worker] o.h.e.t.j.p.i.JtaPlatformInitiator       : HHH000489: No JTA platform available (set 'hibernate.transaction.jta.platform' to enable JTA platform integration)
Hibernate: drop table if exists products cascade 
Hibernate: create table products (price float(53), id bigint generated by default as identity, name varchar(255) not null, primary key (id))
2025-09-29T14:35:02.708+05:30  INFO 14260 --- [ProductsPrj] [    Test worker] j.LocalContainerEntityManagerFactoryBean : Initialized JPA EntityManagerFactory for persistence unit 'default'
2025-09-29T14:35:02.796+05:30  WARN 14260 --- [ProductsPrj] [    Test worker] JpaBaseConfiguration$JpaWebConfiguration : spring.jpa.open-in-view is enabled by default. Therefore, database queries may be performed during view rendering. Explicitly configure spring.jpa.open-in-view to disable this warning
2025-09-29T14:35:02.861+05:30  INFO 14260 --- [ProductsPrj] [    Test worker] r$InitializeUserDetailsManagerConfigurer : Global AuthenticationManager configured with UserDetailsService bean with name setUserRoles
2025-09-29T14:35:02.965+05:30  INFO 14260 --- [ProductsPrj] [    Test worker] o.s.b.a.h2.H2ConsoleAutoConfiguration    : H2 console available at '/h2-console'. Database available at 'jdbc:h2:mem:pragatidb'
2025-09-29T14:35:02.996+05:30  INFO 14260 --- [ProductsPrj] [    Test worker] .w.s.a.s.AnnotationActionEndpointMapping : Supporting [WS-Addressing August 2004, WS-Addressing 1.0]
2025-09-29T14:35:03.070+05:30  INFO 14260 --- [ProductsPrj] [    Test worker] o.s.b.t.m.w.SpringBootMockServletContext : Initializing Spring TestDispatcherServlet ''
2025-09-29T14:35:03.071+05:30  INFO 14260 --- [ProductsPrj] [    Test worker] o.s.t.web.servlet.TestDispatcherServlet  : Initializing Servlet ''
2025-09-29T14:35:03.072+05:30  INFO 14260 --- [ProductsPrj] [    Test worker] o.s.t.web.servlet.TestDispatcherServlet  : Completed initialization in 1 ms
2025-09-29T14:35:03.084+05:30  INFO 14260 --- [ProductsPrj] [    Test worker] c.p.p.t.ProductControllerIntegrationTest : Started ProductControllerIntegrationTest in 0.876 seconds (process running for 11.922)
Hibernate: insert into products (name,price,id) values (?,?,default)
Hibernate: select p1_0.id,p1_0.name,p1_0.price from products p1_0 where p1_0.id=?
]]></system-out>
  <system-err><![CDATA[]]></system-err>
</testsuite>
